<?xml version="1.0" encoding="UTF-8"?>
<!-- Generated by org.testng.reporters.JUnitReportReporter -->
<testsuite hostname="DESKTOP-HOF3APB" failures="0" tests="1" name="test.AddCustomerTest" time="19.452" errors="0" timestamp="2024-08-04T14:18:25 CDT" skipped="0">
  <testcase classname="test.AddCustomerTest" name="userShouldBeAbleToAddCustomer" time="19.452"/>
  <system-out/>
</testsuite> <!-- test.AddCustomerTest -->
